2012-11-18 18:42:12,346 INFO  [log] 7
2012-11-18 18:42:12,351 INFO  [log] Amphitheatre Pkwy
2012-11-18 18:42:12,369 INFO  [log] Mountain View
2012-11-18 18:42:12,369 INFO  [log] Santa Clara
2012-11-18 18:42:12,369 INFO  [log] California
2012-11-18 18:42:12,369 INFO  [log] United States
2012-11-18 18:42:12,370 INFO  [log] 94043
2012-11-18 18:42:38,235 INFO  [log] 7
2012-11-18 18:42:38,241 INFO  [log] Amphitheatre Pkwy
2012-11-18 18:42:38,244 INFO  [log] Mountain View
2012-11-18 18:42:38,244 INFO  [log] Santa Clara
2012-11-18 18:42:38,244 INFO  [log] California
2012-11-18 18:42:38,245 INFO  [log] United States
2012-11-18 18:42:38,246 INFO  [log] 94043
2012-11-18 19:01:38,413 INFO  [log] 7
2012-11-18 19:01:38,419 INFO  [log] Amphitheatre Pkwy
2012-11-18 19:01:38,421 INFO  [log] Mountain View
2012-11-18 19:01:38,421 INFO  [log] Santa Clara
2012-11-18 19:01:38,421 INFO  [log] California
2012-11-18 19:01:38,421 INFO  [log] United States
2012-11-18 19:01:38,422 INFO  [log] 94043
2012-11-18 19:02:50,438 INFO  [log] 7
2012-11-18 19:02:50,444 INFO  [log] Amphitheatre Pkwy
2012-11-18 19:02:50,448 INFO  [log] Mountain View
2012-11-18 19:02:50,448 INFO  [log] Santa Clara
2012-11-18 19:02:50,448 INFO  [log] California
2012-11-18 19:02:50,448 INFO  [log] United States
2012-11-18 19:02:50,449 INFO  [log] 94043
